<?xml version="1.0" encoding="utf-8"?><testsuites name="pytest tests"><testsuite name="pytest" errors="0" failures="0" skipped="0" tests="29" time="4.550" timestamp="2026-05-19T06:23:37.519792+00:00" hostname="agent-env-61be408a-a059-4da6-b726-e6e3067f78d9"><testcase classname="backend.tests.test_phase_e.TestCustomers" name="test_create_customer_phone_e164_and_nik_digits" time="0.418" /><testcase classname="backend.tests.test_phase_e.TestCustomers" name="test_duplicate_phone_400" time="0.046" /><testcase classname="backend.tests.test_phase_e.TestCustomers" name="test_duplicate_nik_400" time="0.052" /><testcase classname="backend.tests.test_phase_e.TestCustomers" name="test_list_search_filter_and_deal_count" time="0.048" /><testcase classname="backend.tests.test_phase_e.TestCustomers" name="test_get_customer_with_deals_array" time="0.049" /><testcase classname="backend.tests.test_phase_e.TestCustomers" name="test_update_customer_phone_renormalized" time="0.051" /><testcase classname="backend.tests.test_phase_e.TestDealCustomerAutoLink" name="test_create_deal_auto_links_customer_by_phone" time="0.193" /><testcase classname="backend.tests.test_phase_e.TestDealCustomerAutoLink" name="test_second_deal_same_phone_reuses_customer" time="0.147" /><testcase classname="backend.tests.test_phase_e.TestBackfill" name="test_sales_cannot_backfill" time="0.378" /><testcase classname="backend.tests.test_phase_e.TestBackfill" name="test_admin_backfill_idempotent" time="0.094" /><testcase classname="backend.tests.test_phase_e.TestCommissionRules" name="test_list_includes_default_seed" time="0.046" /><testcase classname="backend.tests.test_phase_e.TestCommissionRules" name="test_sales_cannot_create_rule" time="0.045" /><testcase classname="backend.tests.test_phase_e.TestCommissionRules" name="test_admin_create_percent_rule" time="0.052" /><testcase classname="backend.tests.test_phase_e.TestCommissionRules" name="test_admin_create_flat_rule" time="0.048" /><testcase classname="backend.tests.test_phase_e.TestCommissionRules" name="test_sales_cannot_update_rule" time="0.048" /><testcase classname="backend.tests.test_phase_e.TestCommissionRules" name="test_admin_update_rule" time="0.051" /><testcase classname="backend.tests.test_phase_e.TestCommissionRules" name="test_sales_cannot_delete_rule" time="0.047" /><testcase classname="backend.tests.test_phase_e.TestCommissionRules" name="test_admin_delete_flat_rule" time="0.046" /><testcase classname="backend.tests.test_phase_e.TestAutoCommission" name="test_book_deal_creates_single_commission" time="0.396" /><testcase classname="backend.tests.test_phase_e.TestAutoCommission" name="test_idempotent_no_duplicate_on_rebook" time="0.393" /><testcase classname="backend.tests.test_phase_e.TestAutoCommission" name="test_commission_amount_uses_percent_rate" time="0.000" /><testcase classname="backend.tests.test_phase_e.TestCommissionListing" name="test_list_filter_status" time="0.051" /><testcase classname="backend.tests.test_phase_e.TestCommissionListing" name="test_sales_sees_only_own" time="0.048" /><testcase classname="backend.tests.test_phase_e.TestCommissionListing" name="test_stats_shape" time="0.047" /><testcase classname="backend.tests.test_phase_e.TestApprovePay" name="test_sales_cannot_approve" time="0.048" /><testcase classname="backend.tests.test_phase_e.TestApprovePay" name="test_marketing_admin_can_approve" time="0.394" /><testcase classname="backend.tests.test_phase_e.TestApprovePay" name="test_sales_cannot_pay" time="0.044" /><testcase classname="backend.tests.test_phase_e.TestApprovePay" name="test_finance_can_pay" time="0.393" /><testcase classname="backend.tests.test_phase_e.TestRuleResolution" name="test_more_specific_rule_wins" time="0.816" /></testsuite></testsuites>