<?xml version="1.0" encoding="utf-8"?><testsuites name="pytest tests"><testsuite name="pytest" errors="0" failures="0" skipped="0" tests="19" time="5.488" timestamp="2026-05-19T06:09:38.285890+00:00" hostname="agent-env-61be408a-a059-4da6-b726-e6e3067f78d9"><testcase classname="backend.tests.test_phase_d.TestPhoneNormalization" name="test_create_lead_with_local_phone_stored_as_e164" time="0.570" /><testcase classname="backend.tests.test_phase_d.TestPhoneNormalization" name="test_dedup_across_phone_formats" time="0.098" /><testcase classname="backend.tests.test_phase_d.TestPhoneNormalization" name="test_import_normalizes_phone" time="0.097" /><testcase classname="backend.tests.test_phase_d.TestIdempotentResponseTime" name="test_first_contacted_at_set_once" time="2.303" /><testcase classname="backend.tests.test_phase_d.TestRBAC" name="test_sales1_sees_only_own_leads" time="0.381" /><testcase classname="backend.tests.test_phase_d.TestRBAC" name="test_sales1_cannot_get_unowned_lead" time="0.095" /><testcase classname="backend.tests.test_phase_d.TestRBAC" name="test_sales1_tasks_scope" time="0.049" /><testcase classname="backend.tests.test_phase_d.TestRBAC" name="test_sales1_appointments_scope" time="0.046" /><testcase classname="backend.tests.test_phase_d.TestRBAC" name="test_sales1_deals_scope" time="0.048" /><testcase classname="backend.tests.test_phase_d.TestRBAC" name="test_admin_no_scope_leads" time="0.059" /><testcase classname="backend.tests.test_phase_d.TestRBAC" name="test_marketing_admin_no_scope" time="0.469" /><testcase classname="backend.tests.test_phase_d.TestAutoAssign" name="test_auto_assign_returns_loads_dict" time="0.199" /><testcase classname="backend.tests.test_phase_d.TestAtomicBooking" name="test_concurrent_deal_creation_only_one_wins" time="0.333" /><testcase classname="backend.tests.test_phase_d.TestReservation" name="test_deal_has_reserved_until" time="0.098" /><testcase classname="backend.tests.test_phase_d.TestReservation" name="test_expire_reservations_admin_ok" time="0.048" /><testcase classname="backend.tests.test_phase_d.TestReservation" name="test_expire_reservations_sales_forbidden" time="0.062" /><testcase classname="backend.tests.test_phase_d.TestIndexes" name="test_indexes_exist" time="0.070" /><testcase classname="backend.tests.test_phase_d.TestCookieFlags" name="test_login_sets_cookies_with_dev_flags" time="0.349" /><testcase classname="backend.tests.test_phase_d.TestBackfill" name="test_no_leads_missing_first_contacted_at_when_last_contacted_set" time="0.056" /></testsuite></testsuites>