<?xml version="1.0" encoding="utf-8"?><testsuites name="pytest tests"><testsuite name="pytest" errors="0" failures="0" skipped="0" tests="67" time="11.770" timestamp="2026-05-19T06:41:29.596070+00:00" hostname="agent-env-61be408a-a059-4da6-b726-e6e3067f78d9"><testcase classname="tests.test_tasks.TestTaskPermissions" name="test_get_permissions_default" time="0.464" /><testcase classname="tests.test_tasks.TestTaskPermissions" name="test_update_permissions_persists" time="0.143" /><testcase classname="tests.test_tasks.TestTasksCRUD" name="test_create_manual_task" time="0.094" /><testcase classname="tests.test_tasks.TestTasksCRUD" name="test_list_tasks" time="0.062" /><testcase classname="tests.test_tasks.TestTasksCRUD" name="test_filter_status" time="0.056" /><testcase classname="tests.test_tasks.TestTasksCRUD" name="test_filter_mine" time="0.047" /><testcase classname="tests.test_tasks.TestTasksCRUD" name="test_update_task" time="0.048" /><testcase classname="tests.test_tasks.TestTasksCRUD" name="test_complete_task" time="0.051" /><testcase classname="tests.test_tasks.TestTasksCRUD" name="test_stats" time="0.051" /><testcase classname="tests.test_tasks.TestTasksCRUD" name="test_delete_admin" time="0.143" /><testcase classname="tests.test_tasks.TestAutoTasksLead" name="test_lead_created_contact_task" time="0.097" /><testcase classname="tests.test_tasks.TestAutoTasksLead" name="test_transition_nurturing" time="0.097" /><testcase classname="tests.test_tasks.TestAutoTasksLead" name="test_transition_appointment" time="0.100" /><testcase classname="tests.test_tasks.TestAutoTasksLead" name="test_transition_booking" time="0.097" /><testcase classname="tests.test_tasks.TestAutoTasksLead" name="test_transition_recycle" time="0.100" /><testcase classname="tests.test_tasks.TestAutoTasksLead" name="test_dedup_no_duplicate" time="0.143" /><testcase classname="tests.test_tasks.TestAutoTaskAppointment" name="test_appointment_creates_reminder" time="0.151" /><testcase classname="tests.test_tasks.TestPermissionEnforcement" name="test_create_without_role" time="0.144" /><testcase classname="tests.test_tasks.TestDashboardMyTasks" name="test_dashboard_my_tasks" time="0.068" /><testcase classname="tests.test_phase_d.TestPhoneNormalization" name="test_create_lead_with_local_phone_stored_as_e164" time="0.431" /><testcase classname="tests.test_phase_d.TestPhoneNormalization" name="test_dedup_across_phone_formats" time="0.111" /><testcase classname="tests.test_phase_d.TestPhoneNormalization" name="test_import_normalizes_phone" time="0.098" /><testcase classname="tests.test_phase_d.TestIdempotentResponseTime" name="test_first_contacted_at_set_once" time="2.299" /><testcase classname="tests.test_phase_d.TestRBAC" name="test_sales1_sees_only_own_leads" time="0.402" /><testcase classname="tests.test_phase_d.TestRBAC" name="test_sales1_cannot_get_unowned_lead" time="0.095" /><testcase classname="tests.test_phase_d.TestRBAC" name="test_sales1_tasks_scope" time="0.048" /><testcase classname="tests.test_phase_d.TestRBAC" name="test_sales1_appointments_scope" time="0.045" /><testcase classname="tests.test_phase_d.TestRBAC" name="test_sales1_deals_scope" time="0.049" /><testcase classname="tests.test_phase_d.TestRBAC" name="test_admin_no_scope_leads" time="0.057" /><testcase classname="tests.test_phase_d.TestRBAC" name="test_marketing_admin_no_scope" time="0.446" /><testcase classname="tests.test_phase_d.TestAutoAssign" name="test_auto_assign_returns_loads_dict" time="0.197" /><testcase classname="tests.test_phase_d.TestAtomicBooking" name="test_concurrent_deal_creation_only_one_wins" time="0.272" /><testcase classname="tests.test_phase_d.TestReservation" name="test_deal_has_reserved_until" time="0.097" /><testcase classname="tests.test_phase_d.TestReservation" name="test_expire_reservations_admin_ok" time="0.050" /><testcase classname="tests.test_phase_d.TestReservation" name="test_expire_reservations_sales_forbidden" time="0.046" /><testcase classname="tests.test_phase_d.TestIndexes" name="test_indexes_exist" time="0.080" /><testcase classname="tests.test_phase_d.TestCookieFlags" name="test_login_sets_cookies_with_dev_flags" time="0.341" /><testcase classname="tests.test_phase_d.TestBackfill" name="test_no_leads_missing_first_contacted_at_when_last_contacted_set" time="0.057" /><testcase classname="tests.test_phase_e.TestCustomers" name="test_create_customer_phone_e164_and_nik_digits" time="0.397" /><testcase classname="tests.test_phase_e.TestCustomers" name="test_duplicate_phone_400" time="0.043" /><testcase classname="tests.test_phase_e.TestCustomers" name="test_duplicate_nik_400" time="0.042" /><testcase classname="tests.test_phase_e.TestCustomers" name="test_list_search_filter_and_deal_count" time="0.044" /><testcase classname="tests.test_phase_e.TestCustomers" name="test_get_customer_with_deals_array" time="0.045" /><testcase classname="tests.test_phase_e.TestCustomers" name="test_update_customer_phone_renormalized" time="0.044" /><testcase classname="tests.test_phase_e.TestDealCustomerAutoLink" name="test_create_deal_auto_links_customer_by_phone" time="0.179" /><testcase classname="tests.test_phase_e.TestDealCustomerAutoLink" name="test_second_deal_same_phone_reuses_customer" time="0.134" /><testcase classname="tests.test_phase_e.TestBackfill" name="test_sales_cannot_backfill" time="0.381" /><testcase classname="tests.test_phase_e.TestBackfill" name="test_admin_backfill_idempotent" time="0.089" /><testcase classname="tests.test_phase_e.TestCommissionRules" name="test_list_includes_default_seed" time="0.044" /><testcase classname="tests.test_phase_e.TestCommissionRules" name="test_sales_cannot_create_rule" time="0.046" /><testcase classname="tests.test_phase_e.TestCommissionRules" name="test_admin_create_percent_rule" time="0.044" /><testcase classname="tests.test_phase_e.TestCommissionRules" name="test_admin_create_flat_rule" time="0.043" /><testcase classname="tests.test_phase_e.TestCommissionRules" name="test_sales_cannot_update_rule" time="0.046" /><testcase classname="tests.test_phase_e.TestCommissionRules" name="test_admin_update_rule" time="0.043" /><testcase classname="tests.test_phase_e.TestCommissionRules" name="test_sales_cannot_delete_rule" time="0.046" /><testcase classname="tests.test_phase_e.TestCommissionRules" name="test_admin_delete_flat_rule" time="0.041" /><testcase classname="tests.test_phase_e.TestAutoCommission" name="test_book_deal_creates_single_commission" time="0.393" /><testcase classname="tests.test_phase_e.TestAutoCommission" name="test_idempotent_no_duplicate_on_rebook" time="0.387" /><testcase classname="tests.test_phase_e.TestAutoCommission" name="test_commission_amount_uses_percent_rate" time="0.000" /><testcase classname="tests.test_phase_e.TestCommissionListing" name="test_list_filter_status" time="0.043" /><testcase classname="tests.test_phase_e.TestCommissionListing" name="test_sales_sees_only_own" time="0.046" /><testcase classname="tests.test_phase_e.TestCommissionListing" name="test_stats_shape" time="0.043" /><testcase classname="tests.test_phase_e.TestApprovePay" name="test_sales_cannot_approve" time="0.091" /><testcase classname="tests.test_phase_e.TestApprovePay" name="test_marketing_admin_can_approve" time="0.397" /><testcase classname="tests.test_phase_e.TestApprovePay" name="test_sales_cannot_pay" time="0.044" /><testcase classname="tests.test_phase_e.TestApprovePay" name="test_finance_can_pay" time="0.392" /><testcase classname="tests.test_phase_e.TestRuleResolution" name="test_more_specific_rule_wins" time="0.751" /></testsuite></testsuites>