<?xml version="1.0" encoding="utf-8"?><testsuites name="pytest tests"><testsuite name="pytest" errors="0" failures="0" skipped="0" tests="21" time="1.363" timestamp="2026-05-19T06:42:53.906302+00:00" hostname="agent-env-61be408a-a059-4da6-b726-e6e3067f78d9"><testcase classname="tests.test_refactor_smoke.TestAuth" name="test_login" time="0.281" /><testcase classname="tests.test_refactor_smoke.TestAuth" name="test_refresh" time="0.043" /><testcase classname="tests.test_refactor_smoke.TestDashboardRouter" name="test_dashboard_returns_counters" time="0.059" /><testcase classname="tests.test_refactor_smoke.TestConstructionRouter" name="test_units_list" time="0.044" /><testcase classname="tests.test_refactor_smoke.TestConstructionRouter" name="test_summary" time="0.044" /><testcase classname="tests.test_refactor_smoke.TestFinanceRouter" name="test_billing" time="0.044" /><testcase classname="tests.test_refactor_smoke.TestFinanceRouter" name="test_payments" time="0.273" /><testcase classname="tests.test_refactor_smoke.TestFinanceRouter" name="test_finance_summary" time="0.003" /><testcase classname="tests.test_refactor_smoke.TestNotificationsRouter" name="test_get_notifications" time="0.043" /><testcase classname="tests.test_refactor_smoke.TestNotificationsRouter" name="test_followup_rules" time="0.045" /><testcase classname="tests.test_refactor_smoke.TestWhatsappRouter" name="test_messages" time="0.043" /><testcase classname="tests.test_refactor_smoke.TestWhatsappRouter" name="test_templates" time="0.043" /><testcase classname="tests.test_refactor_smoke.TestDevReportRouter" name="test_dev_report_items" time="0.044" /><testcase classname="tests.test_refactor_smoke.TestSiteplanRouter" name="test_siteplan_for_project" time="0.089" /><testcase classname="tests.test_refactor_smoke.TestCustomersRouter" name="test_list_customers" time="0.051" /><testcase classname="tests.test_refactor_smoke.TestCommissionsRouter" name="test_list_commissions" time="0.044" /><testcase classname="tests.test_refactor_smoke.TestCommissionsRouter" name="test_commission_stats" time="0.044" /><testcase classname="tests.test_refactor_smoke.TestCommissionsRouter" name="test_commission_rules" time="0.043" /><testcase classname="tests.test_refactor_smoke.TestLeadsServer" name="test_list_leads" time="0.006" /><testcase classname="tests.test_refactor_smoke.TestDealsServer" name="test_list_deals" time="0.003" /><testcase classname="tests.test_refactor_smoke.TestDealsServer" name="test_expire_reservations_admin" time="0.043" /></testsuite></testsuites>