<?xml version="1.0" encoding="utf-8"?><testsuites name="pytest tests"><testsuite name="pytest" errors="0" failures="0" skipped="0" tests="19" time="2.092" timestamp="2026-05-19T06:09:48.382397+00:00" hostname="agent-env-61be408a-a059-4da6-b726-e6e3067f78d9"><testcase classname="backend.tests.test_tasks.TestTaskPermissions" name="test_get_permissions_default" time="0.461" /><testcase classname="backend.tests.test_tasks.TestTaskPermissions" name="test_update_permissions_persists" time="0.138" /><testcase classname="backend.tests.test_tasks.TestTasksCRUD" name="test_create_manual_task" time="0.098" /><testcase classname="backend.tests.test_tasks.TestTasksCRUD" name="test_list_tasks" time="0.051" /><testcase classname="backend.tests.test_tasks.TestTasksCRUD" name="test_filter_status" time="0.050" /><testcase classname="backend.tests.test_tasks.TestTasksCRUD" name="test_filter_mine" time="0.048" /><testcase classname="backend.tests.test_tasks.TestTasksCRUD" name="test_update_task" time="0.047" /><testcase classname="backend.tests.test_tasks.TestTasksCRUD" name="test_complete_task" time="0.045" /><testcase classname="backend.tests.test_tasks.TestTasksCRUD" name="test_stats" time="0.050" /><testcase classname="backend.tests.test_tasks.TestTasksCRUD" name="test_delete_admin" time="0.137" /><testcase classname="backend.tests.test_tasks.TestAutoTasksLead" name="test_lead_created_contact_task" time="0.096" /><testcase classname="backend.tests.test_tasks.TestAutoTasksLead" name="test_transition_nurturing" time="0.091" /><testcase classname="backend.tests.test_tasks.TestAutoTasksLead" name="test_transition_appointment" time="0.092" /><testcase classname="backend.tests.test_tasks.TestAutoTasksLead" name="test_transition_booking" time="0.098" /><testcase classname="backend.tests.test_tasks.TestAutoTasksLead" name="test_transition_recycle" time="0.097" /><testcase classname="backend.tests.test_tasks.TestAutoTasksLead" name="test_dedup_no_duplicate" time="0.142" /><testcase classname="backend.tests.test_tasks.TestAutoTaskAppointment" name="test_appointment_creates_reminder" time="0.133" /><testcase classname="backend.tests.test_tasks.TestPermissionEnforcement" name="test_create_without_role" time="0.137" /><testcase classname="backend.tests.test_tasks.TestDashboardMyTasks" name="test_dashboard_my_tasks" time="0.058" /></testsuite></testsuites>