<?xml version="1.0" encoding="utf-8"?><testsuites name="pytest tests"><testsuite name="pytest" errors="0" failures="0" skipped="0" tests="19" time="2.326" timestamp="2026-05-19T05:46:30.952102+00:00" hostname="agent-env-61be408a-a059-4da6-b726-e6e3067f78d9"><testcase classname="backend.tests.test_tasks.TestTaskPermissions" name="test_get_permissions_default" time="0.540" /><testcase classname="backend.tests.test_tasks.TestTaskPermissions" name="test_update_permissions_persists" time="0.164" /><testcase classname="backend.tests.test_tasks.TestTasksCRUD" name="test_create_manual_task" time="0.097" /><testcase classname="backend.tests.test_tasks.TestTasksCRUD" name="test_list_tasks" time="0.049" /><testcase classname="backend.tests.test_tasks.TestTasksCRUD" name="test_filter_status" time="0.055" /><testcase classname="backend.tests.test_tasks.TestTasksCRUD" name="test_filter_mine" time="0.052" /><testcase classname="backend.tests.test_tasks.TestTasksCRUD" name="test_update_task" time="0.055" /><testcase classname="backend.tests.test_tasks.TestTasksCRUD" name="test_complete_task" time="0.050" /><testcase classname="backend.tests.test_tasks.TestTasksCRUD" name="test_stats" time="0.049" /><testcase classname="backend.tests.test_tasks.TestTasksCRUD" name="test_delete_admin" time="0.162" /><testcase classname="backend.tests.test_tasks.TestAutoTasksLead" name="test_lead_created_contact_task" time="0.098" /><testcase classname="backend.tests.test_tasks.TestAutoTasksLead" name="test_transition_nurturing" time="0.102" /><testcase classname="backend.tests.test_tasks.TestAutoTasksLead" name="test_transition_appointment" time="0.099" /><testcase classname="backend.tests.test_tasks.TestAutoTasksLead" name="test_transition_booking" time="0.100" /><testcase classname="backend.tests.test_tasks.TestAutoTasksLead" name="test_transition_recycle" time="0.107" /><testcase classname="backend.tests.test_tasks.TestAutoTasksLead" name="test_dedup_no_duplicate" time="0.144" /><testcase classname="backend.tests.test_tasks.TestAutoTaskAppointment" name="test_appointment_creates_reminder" time="0.151" /><testcase classname="backend.tests.test_tasks.TestPermissionEnforcement" name="test_create_without_role" time="0.145" /><testcase classname="backend.tests.test_tasks.TestDashboardMyTasks" name="test_dashboard_my_tasks" time="0.065" /></testsuite></testsuites>